[debug] [2020-09-11T23:48:24.218Z] ----------------------------------------------------------------------
[debug] [2020-09-11T23:48:24.219Z] Command:       /usr/local/bin/firebase /home/adibe/.cache/firebase/tools/lib/node_modules/firebase-tools/lib/bin/firebase emulators:start
[debug] [2020-09-11T23:48:24.220Z] CLI Version:   8.7.0
[debug] [2020-09-11T23:48:24.220Z] Platform:      linux
[debug] [2020-09-11T23:48:24.220Z] Node Version:  v12.18.1
[debug] [2020-09-11T23:48:24.220Z] Time:          Fri Sep 11 2020 23:48:24 GMT+0000 (Greenwich Mean Time)
[debug] [2020-09-11T23:48:24.220Z] ----------------------------------------------------------------------
[debug] [2020-09-11T23:48:24.220Z] 
[debug] [2020-09-11T23:48:24.229Z] > command requires scopes: ["email","openid","https://www.googleapis.com/auth/cloudplatformprojects.readonly","https://www.googleapis.com/auth/firebase","https://www.googleapis.com/auth/cloud-platform"]
[debug] [2020-09-11T23:48:24.229Z] > authorizing via signed-in user
[info] i  emulators: Starting emulators: functions {"metadata":{"emulator":{"name":"hub"},"message":"Starting emulators: functions"}}
[warn] ⚠  hub: emulator hub unable to start on port 4400, starting on 4401 instead. {"metadata":{"emulator":{"name":"hub"},"message":"emulator hub unable to start on port 4400, starting on 4401 instead."}}
[debug] [2020-09-11T23:48:24.250Z] [hub] writing locator at /tmp/hub-clone-975bf.json
[debug] [2020-09-11T23:48:24.260Z] defaultcredentials: writing to file /home/adibe/.config/firebase/mr_eladib.mohamed_gmail.com_application_default_credentials.json
[debug] [2020-09-11T23:48:24.261Z] Setting GAC to /home/adibe/.config/firebase/mr_eladib.mohamed_gmail.com_application_default_credentials.json {"metadata":{"emulator":{"name":"functions"},"message":"Setting GAC to /home/adibe/.config/firebase/mr_eladib.mohamed_gmail.com_application_default_credentials.json"}}
[warn] ⚠  functions: The following emulators are not running, calls to these services from the Functions emulator will affect production: firestore, database, hosting, pubsub {"metadata":{"emulator":{"name":"functions"},"message":"The following emulators are not running, calls to these services from the Functions emulator will affect production: \u001b[1mfirestore, database, hosting, pubsub\u001b[22m"}}
[warn] ⚠  Your requested "node" version "10" doesn't match your global version "12" {"metadata":{"emulator":{"name":"functions"},"message":"Your requested \"node\" version \"10\" doesn't match your global version \"12\""}}
[warn] ⚠  logging: Logging Emulator unable to start on port 4500, starting on 4501 instead. {"metadata":{"emulator":{"name":"logging"},"message":"Logging Emulator unable to start on port 4500, starting on 4501 instead."}}
[warn] ⚠  ui: Emulator UI unable to start on port 4000, starting on 4001 instead. {"metadata":{"emulator":{"name":"ui"},"message":"Emulator UI unable to start on port 4000, starting on 4001 instead."}}
[debug] [2020-09-11T23:48:24.337Z] Ignoring unsupported arg: auto_download {"metadata":{"emulator":{"name":"ui"},"message":"Ignoring unsupported arg: auto_download"}}
[debug] [2020-09-11T23:48:24.338Z] Ignoring unsupported arg: port {"metadata":{"emulator":{"name":"ui"},"message":"Ignoring unsupported arg: port"}}
[debug] [2020-09-11T23:48:24.338Z] Starting Emulator UI with command {"binary":"node","args":["/home/adibe/.cache/firebase/emulators/ui-v1.1.1/server.bundle.js"],"optionalArgs":[],"joinArgs":false} {"metadata":{"emulator":{"name":"ui"},"message":"Starting Emulator UI with command {\"binary\":\"node\",\"args\":[\"/home/adibe/.cache/firebase/emulators/ui-v1.1.1/server.bundle.js\"],\"optionalArgs\":[],\"joinArgs\":false}"}}
[info] i  ui: Emulator UI logging to ui-debug.log {"metadata":{"emulator":{"name":"ui"},"message":"Emulator UI logging to \u001b[1mui-debug.log\u001b[22m"}}
[debug] [2020-09-11T23:48:24.482Z] Web / API server started at http://localhost:4001
 {"metadata":{"emulator":{"name":"ui"},"message":"Web / API server started at http://localhost:4001\n"}}
[info] i  functions: Watching "/home/adibe/amazon-clone/functions" for Cloud Functions... {"metadata":{"emulator":{"name":"functions"},"message":"Watching \"/home/adibe/amazon-clone/functions\" for Cloud Functions..."}}
[debug] [2020-09-11T23:48:24.610Z] [worker-pool] addWorker(~diagnostic~) {"metadata":{"emulator":{"name":"functions"},"message":"[worker-pool] addWorker(~diagnostic~)"}}
[debug] [2020-09-11T23:48:24.610Z] [worker-pool] Adding worker with key ~diagnostic~, total=1 {"metadata":{"emulator":{"name":"functions"},"message":"[worker-pool] Adding worker with key ~diagnostic~, total=1"}}
[debug] [2020-09-11T23:48:24.610Z] [worker-pool] submitWork(triggerId=) {"metadata":{"emulator":{"name":"functions"},"message":"[worker-pool] submitWork(triggerId=)"}}
[debug] [2020-09-11T23:48:24.611Z] [worker-~diagnostic~-98313109-9004-463a-9204-ddc71fcffa43]: Assigning socketPath: /tmp/fire_emu_106364.sock {"metadata":{"emulator":{"name":"functions"},"message":"[worker-~diagnostic~-98313109-9004-463a-9204-ddc71fcffa43]: Assigning socketPath: /tmp/fire_emu_106364.sock"}}
[debug] [2020-09-11T23:48:24.611Z] [worker-~diagnostic~-98313109-9004-463a-9204-ddc71fcffa43]: BUSY {"metadata":{"emulator":{"name":"functions"},"message":"[worker-~diagnostic~-98313109-9004-463a-9204-ddc71fcffa43]: BUSY"}}
[debug] [2020-09-11T23:48:24.895Z] [runtime-status] [106364] Functions runtime initialized. {"cwd":"/home/adibe/amazon-clone/functions","node_version":"12.18.1"} {"metadata":{"emulator":{"name":"functions"},"message":"[runtime-status] [106364] Functions runtime initialized. {\"cwd\":\"/home/adibe/amazon-clone/functions\",\"node_version\":\"12.18.1\"}"}}
[debug] [2020-09-11T23:48:24.896Z] [runtime-status] [106364] Disabled runtime features: undefined {"metadata":{"emulator":{"name":"functions"},"message":"[runtime-status] [106364] Disabled runtime features: undefined"}}
[debug] [2020-09-11T23:48:24.897Z] [runtime-status] [106364] Resolved module firebase-admin {"declared":true,"installed":true,"version":"8.13.0","resolution":"/home/adibe/amazon-clone/functions/node_modules/firebase-admin/lib/index.js"} {"metadata":{"emulator":{"name":"functions"},"message":"[runtime-status] [106364] Resolved module firebase-admin {\"declared\":true,\"installed\":true,\"version\":\"8.13.0\",\"resolution\":\"/home/adibe/amazon-clone/functions/node_modules/firebase-admin/lib/index.js\"}"}}
[debug] [2020-09-11T23:48:24.898Z] [runtime-status] [106364] Resolved module firebase-functions {"declared":true,"installed":true,"version":"3.11.0","resolution":"/home/adibe/amazon-clone/functions/node_modules/firebase-functions/lib/index.js"} {"metadata":{"emulator":{"name":"functions"},"message":"[runtime-status] [106364] Resolved module firebase-functions {\"declared\":true,\"installed\":true,\"version\":\"3.11.0\",\"resolution\":\"/home/adibe/amazon-clone/functions/node_modules/firebase-functions/lib/index.js\"}"}}
[debug] [2020-09-11T23:48:24.899Z] [runtime-status] [106364] Resolved module firebase-functions {"declared":true,"installed":true,"version":"3.11.0","resolution":"/home/adibe/amazon-clone/functions/node_modules/firebase-functions/lib/index.js"} {"metadata":{"emulator":{"name":"functions"},"message":"[runtime-status] [106364] Resolved module firebase-functions {\"declared\":true,\"installed\":true,\"version\":\"3.11.0\",\"resolution\":\"/home/adibe/amazon-clone/functions/node_modules/firebase-functions/lib/index.js\"}"}}
[debug] [2020-09-11T23:48:24.900Z] [runtime-status] [106364] Outgoing network have been stubbed. [{"name":"http","status":"mocked"},{"name":"http","status":"mocked"},{"name":"https","status":"mocked"},{"name":"https","status":"mocked"},{"name":"net","status":"mocked"}] {"metadata":{"emulator":{"name":"functions"},"message":"[runtime-status] [106364] Outgoing network have been stubbed. [{\"name\":\"http\",\"status\":\"mocked\"},{\"name\":\"http\",\"status\":\"mocked\"},{\"name\":\"https\",\"status\":\"mocked\"},{\"name\":\"https\",\"status\":\"mocked\"},{\"name\":\"net\",\"status\":\"mocked\"}]"}}
[debug] [2020-09-11T23:48:24.901Z] [runtime-status] [106364] Resolved module firebase-functions {"declared":true,"installed":true,"version":"3.11.0","resolution":"/home/adibe/amazon-clone/functions/node_modules/firebase-functions/lib/index.js"} {"metadata":{"emulator":{"name":"functions"},"message":"[runtime-status] [106364] Resolved module firebase-functions {\"declared\":true,\"installed\":true,\"version\":\"3.11.0\",\"resolution\":\"/home/adibe/amazon-clone/functions/node_modules/firebase-functions/lib/index.js\"}"}}
[debug] [2020-09-11T23:48:24.931Z] [runtime-status] [106364] Checked functions.config() {"config":{}} {"metadata":{"emulator":{"name":"functions"},"message":"[runtime-status] [106364] Checked functions.config() {\"config\":{}}"}}
[debug] [2020-09-11T23:48:24.931Z] [runtime-status] [106364] firebase-functions has been stubbed. {"functionsResolution":{"declared":true,"installed":true,"version":"3.11.0","resolution":"/home/adibe/amazon-clone/functions/node_modules/firebase-functions/lib/index.js"}} {"metadata":{"emulator":{"name":"functions"},"message":"[runtime-status] [106364] firebase-functions has been stubbed. {\"functionsResolution\":{\"declared\":true,\"installed\":true,\"version\":\"3.11.0\",\"resolution\":\"/home/adibe/amazon-clone/functions/node_modules/firebase-functions/lib/index.js\"}}"}}
[debug] [2020-09-11T23:48:24.932Z] [runtime-status] [106364] Resolved module firebase-functions {"declared":true,"installed":true,"version":"3.11.0","resolution":"/home/adibe/amazon-clone/functions/node_modules/firebase-functions/lib/index.js"} {"metadata":{"emulator":{"name":"functions"},"message":"[runtime-status] [106364] Resolved module firebase-functions {\"declared\":true,\"installed\":true,\"version\":\"3.11.0\",\"resolution\":\"/home/adibe/amazon-clone/functions/node_modules/firebase-functions/lib/index.js\"}"}}
[debug] [2020-09-11T23:48:24.933Z] [runtime-status] [106364] Resolved module firebase-admin {"declared":true,"installed":true,"version":"8.13.0","resolution":"/home/adibe/amazon-clone/functions/node_modules/firebase-admin/lib/index.js"} {"metadata":{"emulator":{"name":"functions"},"message":"[runtime-status] [106364] Resolved module firebase-admin {\"declared\":true,\"installed\":true,\"version\":\"8.13.0\",\"resolution\":\"/home/adibe/amazon-clone/functions/node_modules/firebase-admin/lib/index.js\"}"}}
[debug] [2020-09-11T23:48:24.933Z] [runtime-status] [106364] Resolved module firebase-functions {"declared":true,"installed":true,"version":"3.11.0","resolution":"/home/adibe/amazon-clone/functions/node_modules/firebase-functions/lib/index.js"} {"metadata":{"emulator":{"name":"functions"},"message":"[runtime-status] [106364] Resolved module firebase-functions {\"declared\":true,\"installed\":true,\"version\":\"3.11.0\",\"resolution\":\"/home/adibe/amazon-clone/functions/node_modules/firebase-functions/lib/index.js\"}"}}
[debug] [2020-09-11T23:48:24.934Z] [runtime-status] [106364] firebase-admin has been stubbed. {"adminResolution":{"declared":true,"installed":true,"version":"8.13.0","resolution":"/home/adibe/amazon-clone/functions/node_modules/firebase-admin/lib/index.js"}} {"metadata":{"emulator":{"name":"functions"},"message":"[runtime-status] [106364] firebase-admin has been stubbed. {\"adminResolution\":{\"declared\":true,\"installed\":true,\"version\":\"8.13.0\",\"resolution\":\"/home/adibe/amazon-clone/functions/node_modules/firebase-admin/lib/index.js\"}}"}}
[info] ✔  functions[api]: http function initialized (http://localhost:5002/clone-975bf/us-central1/api). {"metadata":{"emulator":{"name":"functions"},"message":"\u001b[1mhttp\u001b[22m function initialized (http://localhost:5002/clone-975bf/us-central1/api)."}}
[info] 
┌───────────────────────────────────────────────────────────────────────┐
│ ✔  All emulators ready! View status and logs at http://localhost:4001 │
└───────────────────────────────────────────────────────────────────────┘

┌───────────┬────────────────┬─────────────────────────────────┐
│ Emulator  │ Host:Port      │ View in Emulator UI             │
├───────────┼────────────────┼─────────────────────────────────┤
│ Functions │ localhost:5002 │ http://localhost:4001/functions │
└───────────┴────────────────┴─────────────────────────────────┘
  Other reserved ports: 4401, 4501

Issues? Report them at https://github.com/firebase/firebase-tools/issues and attach the *-debug.log files.
 
[debug] [2020-09-11T23:48:25.011Z] [worker-~diagnostic~-98313109-9004-463a-9204-ddc71fcffa43]: IDLE {"metadata":{"emulator":{"name":"functions"},"message":"[worker-~diagnostic~-98313109-9004-463a-9204-ddc71fcffa43]: IDLE"}}
[debug] [2020-09-11T23:48:56.630Z] [work-queue] {"queueLength":1,"workRunningCount":0}
[debug] [2020-09-11T23:48:56.630Z] [work-queue] {"queueLength":0,"workRunningCount":1}
[debug] [2020-09-11T23:48:56.631Z] Accepted request POST /clone-975bf/us-central1/api/payments/create?total=0 --> api
[debug] [2020-09-11T23:48:56.636Z] [worker-pool] addWorker(api) {"metadata":{"emulator":{"name":"functions"},"message":"[worker-pool] addWorker(api)"}}
[debug] [2020-09-11T23:48:56.637Z] [worker-pool] Adding worker with key api, total=1 {"metadata":{"emulator":{"name":"functions"},"message":"[worker-pool] Adding worker with key api, total=1"}}
[debug] [2020-09-11T23:48:56.637Z] [worker-pool] submitWork(triggerId=api) {"metadata":{"emulator":{"name":"functions"},"message":"[worker-pool] submitWork(triggerId=api)"}}
[debug] [2020-09-11T23:48:56.637Z] [worker-api-60ac2250-2024-46c1-b298-27bbf69c596d]: Assigning socketPath: /tmp/fire_emu_106428.sock {"metadata":{"emulator":{"name":"functions"},"message":"[worker-api-60ac2250-2024-46c1-b298-27bbf69c596d]: Assigning socketPath: /tmp/fire_emu_106428.sock"}}
[debug] [2020-09-11T23:48:56.638Z] [worker-api-60ac2250-2024-46c1-b298-27bbf69c596d]: BUSY {"metadata":{"emulator":{"name":"functions"},"message":"[worker-api-60ac2250-2024-46c1-b298-27bbf69c596d]: BUSY"}}
[debug] [2020-09-11T23:48:57.099Z] [runtime-status] [106428] Functions runtime initialized. {"cwd":"/home/adibe/amazon-clone/functions","node_version":"12.18.1"} {"metadata":{"emulator":{"name":"functions"},"function":{"name":"api"},"message":"[runtime-status] [106428] Functions runtime initialized. {\"cwd\":\"/home/adibe/amazon-clone/functions\",\"node_version\":\"12.18.1\"}"}}
[debug] [2020-09-11T23:48:57.100Z] [runtime-status] [106428] Disabled runtime features: undefined {"metadata":{"emulator":{"name":"functions"},"function":{"name":"api"},"message":"[runtime-status] [106428] Disabled runtime features: undefined"}}
[debug] [2020-09-11T23:48:57.102Z] [runtime-status] [106428] Resolved module firebase-admin {"declared":true,"installed":true,"version":"8.13.0","resolution":"/home/adibe/amazon-clone/functions/node_modules/firebase-admin/lib/index.js"} {"metadata":{"emulator":{"name":"functions"},"function":{"name":"api"},"message":"[runtime-status] [106428] Resolved module firebase-admin {\"declared\":true,\"installed\":true,\"version\":\"8.13.0\",\"resolution\":\"/home/adibe/amazon-clone/functions/node_modules/firebase-admin/lib/index.js\"}"}}
[debug] [2020-09-11T23:48:57.103Z] [runtime-status] [106428] Resolved module firebase-functions {"declared":true,"installed":true,"version":"3.11.0","resolution":"/home/adibe/amazon-clone/functions/node_modules/firebase-functions/lib/index.js"} {"metadata":{"emulator":{"name":"functions"},"function":{"name":"api"},"message":"[runtime-status] [106428] Resolved module firebase-functions {\"declared\":true,\"installed\":true,\"version\":\"3.11.0\",\"resolution\":\"/home/adibe/amazon-clone/functions/node_modules/firebase-functions/lib/index.js\"}"}}
[debug] [2020-09-11T23:48:57.104Z] [runtime-status] [106428] Resolved module firebase-functions {"declared":true,"installed":true,"version":"3.11.0","resolution":"/home/adibe/amazon-clone/functions/node_modules/firebase-functions/lib/index.js"} {"metadata":{"emulator":{"name":"functions"},"function":{"name":"api"},"message":"[runtime-status] [106428] Resolved module firebase-functions {\"declared\":true,\"installed\":true,\"version\":\"3.11.0\",\"resolution\":\"/home/adibe/amazon-clone/functions/node_modules/firebase-functions/lib/index.js\"}"}}
[debug] [2020-09-11T23:48:57.105Z] [runtime-status] [106428] Outgoing network have been stubbed. [{"name":"http","status":"mocked"},{"name":"http","status":"mocked"},{"name":"https","status":"mocked"},{"name":"https","status":"mocked"},{"name":"net","status":"mocked"}] {"metadata":{"emulator":{"name":"functions"},"function":{"name":"api"},"message":"[runtime-status] [106428] Outgoing network have been stubbed. [{\"name\":\"http\",\"status\":\"mocked\"},{\"name\":\"http\",\"status\":\"mocked\"},{\"name\":\"https\",\"status\":\"mocked\"},{\"name\":\"https\",\"status\":\"mocked\"},{\"name\":\"net\",\"status\":\"mocked\"}]"}}
[debug] [2020-09-11T23:48:57.107Z] [runtime-status] [106428] Resolved module firebase-functions {"declared":true,"installed":true,"version":"3.11.0","resolution":"/home/adibe/amazon-clone/functions/node_modules/firebase-functions/lib/index.js"} {"metadata":{"emulator":{"name":"functions"},"function":{"name":"api"},"message":"[runtime-status] [106428] Resolved module firebase-functions {\"declared\":true,\"installed\":true,\"version\":\"3.11.0\",\"resolution\":\"/home/adibe/amazon-clone/functions/node_modules/firebase-functions/lib/index.js\"}"}}
[debug] [2020-09-11T23:48:57.138Z] [runtime-status] [106428] Checked functions.config() {"config":{}} {"metadata":{"emulator":{"name":"functions"},"function":{"name":"api"},"message":"[runtime-status] [106428] Checked functions.config() {\"config\":{}}"}}
[debug] [2020-09-11T23:48:57.139Z] [runtime-status] [106428] firebase-functions has been stubbed. {"functionsResolution":{"declared":true,"installed":true,"version":"3.11.0","resolution":"/home/adibe/amazon-clone/functions/node_modules/firebase-functions/lib/index.js"}} {"metadata":{"emulator":{"name":"functions"},"function":{"name":"api"},"message":"[runtime-status] [106428] firebase-functions has been stubbed. {\"functionsResolution\":{\"declared\":true,\"installed\":true,\"version\":\"3.11.0\",\"resolution\":\"/home/adibe/amazon-clone/functions/node_modules/firebase-functions/lib/index.js\"}}"}}
[debug] [2020-09-11T23:48:57.140Z] [runtime-status] [106428] Resolved module firebase-functions {"declared":true,"installed":true,"version":"3.11.0","resolution":"/home/adibe/amazon-clone/functions/node_modules/firebase-functions/lib/index.js"} {"metadata":{"emulator":{"name":"functions"},"function":{"name":"api"},"message":"[runtime-status] [106428] Resolved module firebase-functions {\"declared\":true,\"installed\":true,\"version\":\"3.11.0\",\"resolution\":\"/home/adibe/amazon-clone/functions/node_modules/firebase-functions/lib/index.js\"}"}}
[debug] [2020-09-11T23:48:57.140Z] [runtime-status] [106428] Resolved module firebase-admin {"declared":true,"installed":true,"version":"8.13.0","resolution":"/home/adibe/amazon-clone/functions/node_modules/firebase-admin/lib/index.js"} {"metadata":{"emulator":{"name":"functions"},"function":{"name":"api"},"message":"[runtime-status] [106428] Resolved module firebase-admin {\"declared\":true,\"installed\":true,\"version\":\"8.13.0\",\"resolution\":\"/home/adibe/amazon-clone/functions/node_modules/firebase-admin/lib/index.js\"}"}}
[debug] [2020-09-11T23:48:57.141Z] [runtime-status] [106428] Resolved module firebase-functions {"declared":true,"installed":true,"version":"3.11.0","resolution":"/home/adibe/amazon-clone/functions/node_modules/firebase-functions/lib/index.js"} {"metadata":{"emulator":{"name":"functions"},"function":{"name":"api"},"message":"[runtime-status] [106428] Resolved module firebase-functions {\"declared\":true,\"installed\":true,\"version\":\"3.11.0\",\"resolution\":\"/home/adibe/amazon-clone/functions/node_modules/firebase-functions/lib/index.js\"}"}}
[debug] [2020-09-11T23:48:57.141Z] [runtime-status] [106428] firebase-admin has been stubbed. {"adminResolution":{"declared":true,"installed":true,"version":"8.13.0","resolution":"/home/adibe/amazon-clone/functions/node_modules/firebase-admin/lib/index.js"}} {"metadata":{"emulator":{"name":"functions"},"function":{"name":"api"},"message":"[runtime-status] [106428] firebase-admin has been stubbed. {\"adminResolution\":{\"declared\":true,\"installed\":true,\"version\":\"8.13.0\",\"resolution\":\"/home/adibe/amazon-clone/functions/node_modules/firebase-admin/lib/index.js\"}}"}}
[debug] [2020-09-11T23:48:57.220Z] [runtime-status] [106428] Trigger "api" has been found, beginning invocation! {"metadata":{"emulator":{"name":"functions"},"function":{"name":"api"},"message":"[runtime-status] [106428] Trigger \"api\" has been found, beginning invocation!"}}
[info] i  functions: Beginning execution of "api" {"metadata":{"emulator":{"name":"functions"},"function":{"name":"api"},"message":"Beginning execution of \"api\""}}
[debug] [2020-09-11T23:48:57.221Z] [runtime-status] [106428] triggerDefinition {"httpsTrigger":{},"name":"api","entryPoint":"api"} {"metadata":{"emulator":{"name":"functions"},"function":{"name":"api"},"message":"[runtime-status] [106428] triggerDefinition {\"httpsTrigger\":{},\"name\":\"api\",\"entryPoint\":\"api\"}"}}
[debug] [2020-09-11T23:48:57.222Z] [runtime-status] [106428] Running api in mode HTTPS {"metadata":{"emulator":{"name":"functions"},"function":{"name":"api"},"message":"[runtime-status] [106428] Running api in mode HTTPS"}}
[debug] [2020-09-11T23:48:57.225Z] [runtime-status] [106428] Attempting to listen to socketPath: /tmp/fire_emu_106428.sock {"metadata":{"emulator":{"name":"functions"},"function":{"name":"api"},"message":"[runtime-status] [106428] Attempting to listen to socketPath: /tmp/fire_emu_106428.sock"}}
[debug] [2020-09-11T23:48:57.227Z] [functions] Runtime ready! Sending request! {"metadata":{"emulator":{"name":"functions"},"message":"[functions] Runtime ready! Sending request!"}}
[debug] [2020-09-11T23:48:57.237Z] [runtime-status] [106428] Ephemeral server handling POST request {"metadata":{"emulator":{"name":"functions"},"function":{"name":"api"},"message":"[runtime-status] [106428] Ephemeral server handling POST request"}}
[info] >  Payment Request Received BOOM!!!!! total:  0 {"user":"Payment Request Received BOOM!!!!! total:  0","metadata":{"emulator":{"name":"functions"},"function":{"name":"api"},"message":"\u001b[90m> \u001b[39m Payment Request Received BOOM!!!!! total:  0"}}
[debug] [2020-09-11T23:48:57.250Z] [runtime-status] [106428] Ephemeral server survived. {"metadata":{"emulator":{"name":"functions"},"function":{"name":"api"},"message":"[runtime-status] [106428] Ephemeral server survived."}}
[info] >  (node:106428) UnhandledPromiseRejectionWarning: Error: This value must be greater than or equal to 1. {"user":"(node:106428) UnhandledPromiseRejectionWarning: Error: This value must be greater than or equal to 1.","metadata":{"emulator":{"name":"functions"},"function":{"name":"api"},"message":"\u001b[90m> \u001b[39m (node:106428) UnhandledPromiseRejectionWarning: Error: This value must be greater than or equal to 1."}}
[info] >      at Function.generate (/home/adibe/amazon-clone/functions/node_modules/stripe/lib/Error.js:39:16) {"user":"    at Function.generate (/home/adibe/amazon-clone/functions/node_modules/stripe/lib/Error.js:39:16)","metadata":{"emulator":{"name":"functions"},"function":{"name":"api"},"message":"\u001b[90m> \u001b[39m     at Function.generate (/home/adibe/amazon-clone/functions/node_modules/stripe/lib/Error.js:39:16)"}}
[info] >      at IncomingMessage.<anonymous> (/home/adibe/amazon-clone/functions/node_modules/stripe/lib/StripeResource.js:190:33) {"user":"    at IncomingMessage.<anonymous> (/home/adibe/amazon-clone/functions/node_modules/stripe/lib/StripeResource.js:190:33)","metadata":{"emulator":{"name":"functions"},"function":{"name":"api"},"message":"\u001b[90m> \u001b[39m     at IncomingMessage.<anonymous> (/home/adibe/amazon-clone/functions/node_modules/stripe/lib/StripeResource.js:190:33)"}}
[info] >      at Object.onceWrapper (events.js:421:28) {"user":"    at Object.onceWrapper (events.js:421:28)","metadata":{"emulator":{"name":"functions"},"function":{"name":"api"},"message":"\u001b[90m> \u001b[39m     at Object.onceWrapper (events.js:421:28)"}}
[info] >      at IncomingMessage.emit (events.js:327:22) {"user":"    at IncomingMessage.emit (events.js:327:22)","metadata":{"emulator":{"name":"functions"},"function":{"name":"api"},"message":"\u001b[90m> \u001b[39m     at IncomingMessage.emit (events.js:327:22)"}}
[info] >      at endReadableNT (_stream_readable.js:1221:12) {"user":"    at endReadableNT (_stream_readable.js:1221:12)","metadata":{"emulator":{"name":"functions"},"function":{"name":"api"},"message":"\u001b[90m> \u001b[39m     at endReadableNT (_stream_readable.js:1221:12)"}}
[info] >      at processTicksAndRejections (internal/process/task_queues.js:84:21) {"user":"    at processTicksAndRejections (internal/process/task_queues.js:84:21)","metadata":{"emulator":{"name":"functions"},"function":{"name":"api"},"message":"\u001b[90m> \u001b[39m     at processTicksAndRejections (internal/process/task_queues.js:84:21)"}}
[info] >  (node:106428) UnhandledPromiseRejectionWarning: Unhandled promise rejection. This error originated either by throwing inside of an async function without a catch block, or by rejecting a promise which was not handled with .catch(). To terminate the node process on unhandled promise rejection, use the CLI flag `--unhandled-rejections=strict` (see https://nodejs.org/api/cli.html#cli_unhandled_rejections_mode). (rejection id: 1) {"user":"(node:106428) UnhandledPromiseRejectionWarning: Unhandled promise rejection. This error originated either by throwing inside of an async function without a catch block, or by rejecting a promise which was not handled with .catch(). To terminate the node process on unhandled promise rejection, use the CLI flag `--unhandled-rejections=strict` (see https://nodejs.org/api/cli.html#cli_unhandled_rejections_mode). (rejection id: 1)","metadata":{"emulator":{"name":"functions"},"function":{"name":"api"},"message":"\u001b[90m> \u001b[39m (node:106428) UnhandledPromiseRejectionWarning: Unhandled promise rejection. This error originated either by throwing inside of an async function without a catch block, or by rejecting a promise which was not handled with .catch(). To terminate the node process on unhandled promise rejection, use the CLI flag `--unhandled-rejections=strict` (see https://nodejs.org/api/cli.html#cli_unhandled_rejections_mode). (rejection id: 1)"}}
[info] >  (node:106428) [DEP0018] DeprecationWarning: Unhandled promise rejections are deprecated. In the future, promise rejections that are not handled will terminate the Node.js process with a non-zero exit code. {"user":"(node:106428) [DEP0018] DeprecationWarning: Unhandled promise rejections are deprecated. In the future, promise rejections that are not handled will terminate the Node.js process with a non-zero exit code.","metadata":{"emulator":{"name":"functions"},"function":{"name":"api"},"message":"\u001b[90m> \u001b[39m (node:106428) [DEP0018] DeprecationWarning: Unhandled promise rejections are deprecated. In the future, promise rejections that are not handled will terminate the Node.js process with a non-zero exit code."}}
[warn] ⚠  functions: Your function timed out after ~60s. To configure this timeout, see
      https://firebase.google.com/docs/functions/manage-functions#set_timeout_and_memory_allocation. {"metadata":{"emulator":{"name":"functions"},"function":{"name":"api"},"message":"Your function timed out after ~60s. To configure this timeout, see\n      https://firebase.google.com/docs/functions/manage-functions#set_timeout_and_memory_allocation."}}
[info] >  /home/adibe/.cache/firebase/tools/lib/node_modules/firebase-tools/lib/emulator/functionsEmulatorRuntime.js:642 {"user":"/home/adibe/.cache/firebase/tools/lib/node_modules/firebase-tools/lib/emulator/functionsEmulatorRuntime.js:642","metadata":{"emulator":{"name":"functions"},"function":{"name":"api"},"message":"\u001b[90m> \u001b[39m /home/adibe/.cache/firebase/tools/lib/node_modules/firebase-tools/lib/emulator/functionsEmulatorRuntime.js:642"}}
[info] >                  throw new Error("Function timed out."); {"user":"                throw new Error(\"Function timed out.\");","metadata":{"emulator":{"name":"functions"},"function":{"name":"api"},"message":"\u001b[90m> \u001b[39m                 throw new Error(\"Function timed out.\");"}}
[info] >                  ^ {"user":"                ^","metadata":{"emulator":{"name":"functions"},"function":{"name":"api"},"message":"\u001b[90m> \u001b[39m                 ^"}}
[info] >   {"user":"","metadata":{"emulator":{"name":"functions"},"function":{"name":"api"},"message":"\u001b[90m> \u001b[39m "}}
[info] >  Error: Function timed out. {"user":"Error: Function timed out.","metadata":{"emulator":{"name":"functions"},"function":{"name":"api"},"message":"\u001b[90m> \u001b[39m Error: Function timed out."}}
[info] >      at Timeout._onTimeout (/home/adibe/.cache/firebase/tools/lib/node_modules/firebase-tools/lib/emulator/functionsEmulatorRuntime.js:642:23) {"user":"    at Timeout._onTimeout (/home/adibe/.cache/firebase/tools/lib/node_modules/firebase-tools/lib/emulator/functionsEmulatorRuntime.js:642:23)","metadata":{"emulator":{"name":"functions"},"function":{"name":"api"},"message":"\u001b[90m> \u001b[39m     at Timeout._onTimeout (/home/adibe/.cache/firebase/tools/lib/node_modules/firebase-tools/lib/emulator/functionsEmulatorRuntime.js:642:23)"}}
[info] >      at listOnTimeout (internal/timers.js:549:17) {"user":"    at listOnTimeout (internal/timers.js:549:17)","metadata":{"emulator":{"name":"functions"},"function":{"name":"api"},"message":"\u001b[90m> \u001b[39m     at listOnTimeout (internal/timers.js:549:17)"}}
[info] >      at processTimers (internal/timers.js:492:7) {"user":"    at processTimers (internal/timers.js:492:7)","metadata":{"emulator":{"name":"functions"},"function":{"name":"api"},"message":"\u001b[90m> \u001b[39m     at processTimers (internal/timers.js:492:7)"}}
[debug] [2020-09-11T23:49:57.237Z] [worker-api-60ac2250-2024-46c1-b298-27bbf69c596d]: exited {"metadata":{"emulator":{"name":"functions"},"message":"[worker-api-60ac2250-2024-46c1-b298-27bbf69c596d]: exited"}}
[debug] [2020-09-11T23:49:57.237Z] [worker-api-60ac2250-2024-46c1-b298-27bbf69c596d]: FINISHED {"metadata":{"emulator":{"name":"functions"},"message":"[worker-api-60ac2250-2024-46c1-b298-27bbf69c596d]: FINISHED"}}
[debug] [2020-09-11T23:49:57.237Z] [work-queue] {"queueLength":0,"workRunningCount":0}
[debug] [2020-09-11T23:50:10.699Z] [work-queue] {"queueLength":1,"workRunningCount":0}
[debug] [2020-09-11T23:50:10.699Z] [work-queue] {"queueLength":0,"workRunningCount":1}
[debug] [2020-09-11T23:50:10.699Z] Accepted request POST /clone-975bf/us-central1/api/payments/create?total=12997 --> api
[debug] [2020-09-11T23:50:10.699Z] [worker-pool] Cleaned up workers for api: 1 --> 0 {"metadata":{"emulator":{"name":"functions"},"message":"[worker-pool] Cleaned up workers for api: 1 --> 0"}}
[debug] [2020-09-11T23:50:10.705Z] [worker-pool] addWorker(api) {"metadata":{"emulator":{"name":"functions"},"message":"[worker-pool] addWorker(api)"}}
[debug] [2020-09-11T23:50:10.706Z] [worker-pool] Adding worker with key api, total=1 {"metadata":{"emulator":{"name":"functions"},"message":"[worker-pool] Adding worker with key api, total=1"}}
[debug] [2020-09-11T23:50:10.706Z] [worker-pool] submitWork(triggerId=api) {"metadata":{"emulator":{"name":"functions"},"message":"[worker-pool] submitWork(triggerId=api)"}}
[debug] [2020-09-11T23:50:10.706Z] [worker-api-d0e74dcd-83d6-4dfc-b498-6e8992f8c9ff]: Assigning socketPath: /tmp/fire_emu_106512.sock {"metadata":{"emulator":{"name":"functions"},"message":"[worker-api-d0e74dcd-83d6-4dfc-b498-6e8992f8c9ff]: Assigning socketPath: /tmp/fire_emu_106512.sock"}}
[debug] [2020-09-11T23:50:10.707Z] [worker-api-d0e74dcd-83d6-4dfc-b498-6e8992f8c9ff]: BUSY {"metadata":{"emulator":{"name":"functions"},"message":"[worker-api-d0e74dcd-83d6-4dfc-b498-6e8992f8c9ff]: BUSY"}}
[debug] [2020-09-11T23:50:11.096Z] [runtime-status] [106512] Functions runtime initialized. {"cwd":"/home/adibe/amazon-clone/functions","node_version":"12.18.1"} {"metadata":{"emulator":{"name":"functions"},"function":{"name":"api"},"message":"[runtime-status] [106512] Functions runtime initialized. {\"cwd\":\"/home/adibe/amazon-clone/functions\",\"node_version\":\"12.18.1\"}"}}
[debug] [2020-09-11T23:50:11.098Z] [runtime-status] [106512] Disabled runtime features: undefined {"metadata":{"emulator":{"name":"functions"},"function":{"name":"api"},"message":"[runtime-status] [106512] Disabled runtime features: undefined"}}
[debug] [2020-09-11T23:50:11.099Z] [runtime-status] [106512] Resolved module firebase-admin {"declared":true,"installed":true,"version":"8.13.0","resolution":"/home/adibe/amazon-clone/functions/node_modules/firebase-admin/lib/index.js"} {"metadata":{"emulator":{"name":"functions"},"function":{"name":"api"},"message":"[runtime-status] [106512] Resolved module firebase-admin {\"declared\":true,\"installed\":true,\"version\":\"8.13.0\",\"resolution\":\"/home/adibe/amazon-clone/functions/node_modules/firebase-admin/lib/index.js\"}"}}
[debug] [2020-09-11T23:50:11.100Z] [runtime-status] [106512] Resolved module firebase-functions {"declared":true,"installed":true,"version":"3.11.0","resolution":"/home/adibe/amazon-clone/functions/node_modules/firebase-functions/lib/index.js"} {"metadata":{"emulator":{"name":"functions"},"function":{"name":"api"},"message":"[runtime-status] [106512] Resolved module firebase-functions {\"declared\":true,\"installed\":true,\"version\":\"3.11.0\",\"resolution\":\"/home/adibe/amazon-clone/functions/node_modules/firebase-functions/lib/index.js\"}"}}
[debug] [2020-09-11T23:50:11.100Z] [runtime-status] [106512] Resolved module firebase-functions {"declared":true,"installed":true,"version":"3.11.0","resolution":"/home/adibe/amazon-clone/functions/node_modules/firebase-functions/lib/index.js"} {"metadata":{"emulator":{"name":"functions"},"function":{"name":"api"},"message":"[runtime-status] [106512] Resolved module firebase-functions {\"declared\":true,\"installed\":true,\"version\":\"3.11.0\",\"resolution\":\"/home/adibe/amazon-clone/functions/node_modules/firebase-functions/lib/index.js\"}"}}
[debug] [2020-09-11T23:50:11.102Z] [runtime-status] [106512] Outgoing network have been stubbed. [{"name":"http","status":"mocked"},{"name":"http","status":"mocked"},{"name":"https","status":"mocked"},{"name":"https","status":"mocked"},{"name":"net","status":"mocked"}] {"metadata":{"emulator":{"name":"functions"},"function":{"name":"api"},"message":"[runtime-status] [106512] Outgoing network have been stubbed. [{\"name\":\"http\",\"status\":\"mocked\"},{\"name\":\"http\",\"status\":\"mocked\"},{\"name\":\"https\",\"status\":\"mocked\"},{\"name\":\"https\",\"status\":\"mocked\"},{\"name\":\"net\",\"status\":\"mocked\"}]"}}
[debug] [2020-09-11T23:50:11.102Z] [runtime-status] [106512] Resolved module firebase-functions {"declared":true,"installed":true,"version":"3.11.0","resolution":"/home/adibe/amazon-clone/functions/node_modules/firebase-functions/lib/index.js"} {"metadata":{"emulator":{"name":"functions"},"function":{"name":"api"},"message":"[runtime-status] [106512] Resolved module firebase-functions {\"declared\":true,\"installed\":true,\"version\":\"3.11.0\",\"resolution\":\"/home/adibe/amazon-clone/functions/node_modules/firebase-functions/lib/index.js\"}"}}
[debug] [2020-09-11T23:50:11.132Z] [runtime-status] [106512] Checked functions.config() {"config":{}} {"metadata":{"emulator":{"name":"functions"},"function":{"name":"api"},"message":"[runtime-status] [106512] Checked functions.config() {\"config\":{}}"}}
[debug] [2020-09-11T23:50:11.132Z] [runtime-status] [106512] firebase-functions has been stubbed. {"functionsResolution":{"declared":true,"installed":true,"version":"3.11.0","resolution":"/home/adibe/amazon-clone/functions/node_modules/firebase-functions/lib/index.js"}} {"metadata":{"emulator":{"name":"functions"},"function":{"name":"api"},"message":"[runtime-status] [106512] firebase-functions has been stubbed. {\"functionsResolution\":{\"declared\":true,\"installed\":true,\"version\":\"3.11.0\",\"resolution\":\"/home/adibe/amazon-clone/functions/node_modules/firebase-functions/lib/index.js\"}}"}}
[debug] [2020-09-11T23:50:11.133Z] [runtime-status] [106512] Resolved module firebase-functions {"declared":true,"installed":true,"version":"3.11.0","resolution":"/home/adibe/amazon-clone/functions/node_modules/firebase-functions/lib/index.js"} {"metadata":{"emulator":{"name":"functions"},"function":{"name":"api"},"message":"[runtime-status] [106512] Resolved module firebase-functions {\"declared\":true,\"installed\":true,\"version\":\"3.11.0\",\"resolution\":\"/home/adibe/amazon-clone/functions/node_modules/firebase-functions/lib/index.js\"}"}}
[debug] [2020-09-11T23:50:11.136Z] [runtime-status] [106512] Resolved module firebase-admin {"declared":true,"installed":true,"version":"8.13.0","resolution":"/home/adibe/amazon-clone/functions/node_modules/firebase-admin/lib/index.js"} {"metadata":{"emulator":{"name":"functions"},"function":{"name":"api"},"message":"[runtime-status] [106512] Resolved module firebase-admin {\"declared\":true,\"installed\":true,\"version\":\"8.13.0\",\"resolution\":\"/home/adibe/amazon-clone/functions/node_modules/firebase-admin/lib/index.js\"}"}}
[debug] [2020-09-11T23:50:11.136Z] [runtime-status] [106512] Resolved module firebase-functions {"declared":true,"installed":true,"version":"3.11.0","resolution":"/home/adibe/amazon-clone/functions/node_modules/firebase-functions/lib/index.js"} {"metadata":{"emulator":{"name":"functions"},"function":{"name":"api"},"message":"[runtime-status] [106512] Resolved module firebase-functions {\"declared\":true,\"installed\":true,\"version\":\"3.11.0\",\"resolution\":\"/home/adibe/amazon-clone/functions/node_modules/firebase-functions/lib/index.js\"}"}}
[debug] [2020-09-11T23:50:11.137Z] [runtime-status] [106512] firebase-admin has been stubbed. {"adminResolution":{"declared":true,"installed":true,"version":"8.13.0","resolution":"/home/adibe/amazon-clone/functions/node_modules/firebase-admin/lib/index.js"}} {"metadata":{"emulator":{"name":"functions"},"function":{"name":"api"},"message":"[runtime-status] [106512] firebase-admin has been stubbed. {\"adminResolution\":{\"declared\":true,\"installed\":true,\"version\":\"8.13.0\",\"resolution\":\"/home/adibe/amazon-clone/functions/node_modules/firebase-admin/lib/index.js\"}}"}}
[debug] [2020-09-11T23:50:11.213Z] [runtime-status] [106512] Trigger "api" has been found, beginning invocation! {"metadata":{"emulator":{"name":"functions"},"function":{"name":"api"},"message":"[runtime-status] [106512] Trigger \"api\" has been found, beginning invocation!"}}
[info] i  functions: Beginning execution of "api" {"metadata":{"emulator":{"name":"functions"},"function":{"name":"api"},"message":"Beginning execution of \"api\""}}
[debug] [2020-09-11T23:50:11.214Z] [runtime-status] [106512] triggerDefinition {"httpsTrigger":{},"name":"api","entryPoint":"api"} {"metadata":{"emulator":{"name":"functions"},"function":{"name":"api"},"message":"[runtime-status] [106512] triggerDefinition {\"httpsTrigger\":{},\"name\":\"api\",\"entryPoint\":\"api\"}"}}
[debug] [2020-09-11T23:50:11.214Z] [runtime-status] [106512] Running api in mode HTTPS {"metadata":{"emulator":{"name":"functions"},"function":{"name":"api"},"message":"[runtime-status] [106512] Running api in mode HTTPS"}}
[debug] [2020-09-11T23:50:11.216Z] [runtime-status] [106512] Attempting to listen to socketPath: /tmp/fire_emu_106512.sock {"metadata":{"emulator":{"name":"functions"},"function":{"name":"api"},"message":"[runtime-status] [106512] Attempting to listen to socketPath: /tmp/fire_emu_106512.sock"}}
[debug] [2020-09-11T23:50:11.219Z] [functions] Runtime ready! Sending request! {"metadata":{"emulator":{"name":"functions"},"message":"[functions] Runtime ready! Sending request!"}}
[debug] [2020-09-11T23:50:11.226Z] [runtime-status] [106512] Ephemeral server handling POST request {"metadata":{"emulator":{"name":"functions"},"function":{"name":"api"},"message":"[runtime-status] [106512] Ephemeral server handling POST request"}}
[info] >  Payment Request Received BOOM!!!!! total:  12997 {"user":"Payment Request Received BOOM!!!!! total:  12997","metadata":{"emulator":{"name":"functions"},"function":{"name":"api"},"message":"\u001b[90m> \u001b[39m Payment Request Received BOOM!!!!! total:  12997"}}
[debug] [2020-09-11T23:50:11.238Z] [runtime-status] [106512] Ephemeral server survived. {"metadata":{"emulator":{"name":"functions"},"function":{"name":"api"},"message":"[runtime-status] [106512] Ephemeral server survived."}}
[info] >  (node:106512) UnhandledPromiseRejectionWarning: Error: Invalid currency: use. Stripe currently supports these currencies: usd, aed, afn, all, amd, ang, aoa, ars, aud, awg, azn, bam, bbd, bdt, bgn, bhd, bif, bmd, bnd, bob, brl, bsd, bwp, bzd, cad, cdf, chf, clp, cny, cop, crc, cve, czk, djf, dkk, dop, dzd, egp, etb, eur, fjd, fkp, gbp, gel, gip, gmd, gnf, gtq, gyd, hkd, hnl, hrk, htg, huf, idr, ils, inr, isk, jmd, jod, jpy, kes, kgs, khr, kmf, krw, kwd, kyd, kzt, lak, lbp, lkr, lrd, lsl, mad, mdl, mga, mkd, mmk, mnt, mop, mro, mur, mvr, mwk, mxn, myr, mzn, nad, ngn, nio, nok, npr, nzd, omr, pab, pen, pgk, php, pkr, pln, pyg, qar, ron, rsd, rub, rwf, sar, sbd, scr, sek, sgd, shp, sll, sos, srd, std, szl, thb, tjs, tnd, top, try, ttd, twd, tzs, uah, ugx, uyu, uzs, vnd, vuv, wst, xaf, xcd, xof, xpf, yer, zar, zmw, eek, lvl, svc, vef, ltl {"user":"(node:106512) UnhandledPromiseRejectionWarning: Error: Invalid currency: use. Stripe currently supports these currencies: usd, aed, afn, all, amd, ang, aoa, ars, aud, awg, azn, bam, bbd, bdt, bgn, bhd, bif, bmd, bnd, bob, brl, bsd, bwp, bzd, cad, cdf, chf, clp, cny, cop, crc, cve, czk, djf, dkk, dop, dzd, egp, etb, eur, fjd, fkp, gbp, gel, gip, gmd, gnf, gtq, gyd, hkd, hnl, hrk, htg, huf, idr, ils, inr, isk, jmd, jod, jpy, kes, kgs, khr, kmf, krw, kwd, kyd, kzt, lak, lbp, lkr, lrd, lsl, mad, mdl, mga, mkd, mmk, mnt, mop, mro, mur, mvr, mwk, mxn, myr, mzn, nad, ngn, nio, nok, npr, nzd, omr, pab, pen, pgk, php, pkr, pln, pyg, qar, ron, rsd, rub, rwf, sar, sbd, scr, sek, sgd, shp, sll, sos, srd, std, szl, thb, tjs, tnd, top, try, ttd, twd, tzs, uah, ugx, uyu, uzs, vnd, vuv, wst, xaf, xcd, xof, xpf, yer, zar, zmw, eek, lvl, svc, vef, ltl","metadata":{"emulator":{"name":"functions"},"function":{"name":"api"},"message":"\u001b[90m> \u001b[39m (node:106512) UnhandledPromiseRejectionWarning: Error: Invalid currency: use. Stripe currently supports these currencies: usd, aed, afn, all, amd, ang, aoa, ars, aud, awg, azn, bam, bbd, bdt, bgn, bhd, bif, bmd, bnd, bob, brl, bsd, bwp, bzd, cad, cdf, chf, clp, cny, cop, crc, cve, czk, djf, dkk, dop, dzd, egp, etb, eur, fjd, fkp, gbp, gel, gip, gmd, gnf, gtq, gyd, hkd, hnl, hrk, htg, huf, idr, ils, inr, isk, jmd, jod, jpy, kes, kgs, khr, kmf, krw, kwd, kyd, kzt, lak, lbp, lkr, lrd, lsl, mad, mdl, mga, mkd, mmk, mnt, mop, mro, mur, mvr, mwk, mxn, myr, mzn, nad, ngn, nio, nok, npr, nzd, omr, pab, pen, pgk, php, pkr, pln, pyg, qar, ron, rsd, rub, rwf, sar, sbd, scr, sek, sgd, shp, sll, sos, srd, std, szl, thb, tjs, tnd, top, try, ttd, twd, tzs, uah, ugx, uyu, uzs, vnd, vuv, wst, xaf, xcd, xof, xpf, yer, zar, zmw, eek, lvl, svc, vef, ltl"}}
[info] >      at Function.generate (/home/adibe/amazon-clone/functions/node_modules/stripe/lib/Error.js:39:16) {"user":"    at Function.generate (/home/adibe/amazon-clone/functions/node_modules/stripe/lib/Error.js:39:16)","metadata":{"emulator":{"name":"functions"},"function":{"name":"api"},"message":"\u001b[90m> \u001b[39m     at Function.generate (/home/adibe/amazon-clone/functions/node_modules/stripe/lib/Error.js:39:16)"}}
[info] >      at IncomingMessage.<anonymous> (/home/adibe/amazon-clone/functions/node_modules/stripe/lib/StripeResource.js:190:33) {"user":"    at IncomingMessage.<anonymous> (/home/adibe/amazon-clone/functions/node_modules/stripe/lib/StripeResource.js:190:33)","metadata":{"emulator":{"name":"functions"},"function":{"name":"api"},"message":"\u001b[90m> \u001b[39m     at IncomingMessage.<anonymous> (/home/adibe/amazon-clone/functions/node_modules/stripe/lib/StripeResource.js:190:33)"}}
[info] >      at Object.onceWrapper (events.js:421:28) {"user":"    at Object.onceWrapper (events.js:421:28)","metadata":{"emulator":{"name":"functions"},"function":{"name":"api"},"message":"\u001b[90m> \u001b[39m     at Object.onceWrapper (events.js:421:28)"}}
[info] >      at IncomingMessage.emit (events.js:327:22) {"user":"    at IncomingMessage.emit (events.js:327:22)","metadata":{"emulator":{"name":"functions"},"function":{"name":"api"},"message":"\u001b[90m> \u001b[39m     at IncomingMessage.emit (events.js:327:22)"}}
[info] >      at endReadableNT (_stream_readable.js:1221:12) {"user":"    at endReadableNT (_stream_readable.js:1221:12)","metadata":{"emulator":{"name":"functions"},"function":{"name":"api"},"message":"\u001b[90m> \u001b[39m     at endReadableNT (_stream_readable.js:1221:12)"}}
[info] >      at processTicksAndRejections (internal/process/task_queues.js:84:21) {"user":"    at processTicksAndRejections (internal/process/task_queues.js:84:21)","metadata":{"emulator":{"name":"functions"},"function":{"name":"api"},"message":"\u001b[90m> \u001b[39m     at processTicksAndRejections (internal/process/task_queues.js:84:21)"}}
[info] >  (node:106512) UnhandledPromiseRejectionWarning: Unhandled promise rejection. This error originated either by throwing inside of an async function without a catch block, or by rejecting a promise which was not handled with .catch(). To terminate the node process on unhandled promise rejection, use the CLI flag `--unhandled-rejections=strict` (see https://nodejs.org/api/cli.html#cli_unhandled_rejections_mode). (rejection id: 1) {"user":"(node:106512) UnhandledPromiseRejectionWarning: Unhandled promise rejection. This error originated either by throwing inside of an async function without a catch block, or by rejecting a promise which was not handled with .catch(). To terminate the node process on unhandled promise rejection, use the CLI flag `--unhandled-rejections=strict` (see https://nodejs.org/api/cli.html#cli_unhandled_rejections_mode). (rejection id: 1)","metadata":{"emulator":{"name":"functions"},"function":{"name":"api"},"message":"\u001b[90m> \u001b[39m (node:106512) UnhandledPromiseRejectionWarning: Unhandled promise rejection. This error originated either by throwing inside of an async function without a catch block, or by rejecting a promise which was not handled with .catch(). To terminate the node process on unhandled promise rejection, use the CLI flag `--unhandled-rejections=strict` (see https://nodejs.org/api/cli.html#cli_unhandled_rejections_mode). (rejection id: 1)"}}
[info] >  (node:106512) [DEP0018] DeprecationWarning: Unhandled promise rejections are deprecated. In the future, promise rejections that are not handled will terminate the Node.js process with a non-zero exit code. {"user":"(node:106512) [DEP0018] DeprecationWarning: Unhandled promise rejections are deprecated. In the future, promise rejections that are not handled will terminate the Node.js process with a non-zero exit code.","metadata":{"emulator":{"name":"functions"},"function":{"name":"api"},"message":"\u001b[90m> \u001b[39m (node:106512) [DEP0018] DeprecationWarning: Unhandled promise rejections are deprecated. In the future, promise rejections that are not handled will terminate the Node.js process with a non-zero exit code."}}
